2001.05.25 17:26 B G:\ikonboard2.18o\ikonboard218brus\ikonboard218rus\ikonboard\images\a_add.gif --> ftp.vilde.f2s.com /www.vilde.f2s.com/ikonboard/images a_add.gif
2001.05.25 17:26 B G:\ikonboard2.18o\ikonboard218brus\ikonboard218rus\ikonboard\images\a_delete.gif --> ftp.vilde.f2s.com /www.vilde.f2s.com/ikonboard/images a_delete.gif
2001.05.25 17:27 B G:\ikonboard2.18o\ikonboard218brus\ikonboard218rus\ikonboard\images\a_edit.gif --> ftp.vilde.f2s.com /www.vilde.f2s.com/ikonboard/images a_edit.gif
2001.05.25 17:27 B G:\ikonboard2.18o\ikonboard218brus\ikonboard218rus\ikonboard\images\announce.gif --> ftp.vilde.f2s.com /www.vilde.f2s.com/ikonboard/images announce.gif
2001.05.25 17:27 B G:\ikonboard2.18o\ikonboard218brus\ikonboard218rus\ikonboard\images\aol.gif --> ftp.vilde.f2s.com /www.vilde.f2s.com/ikonboard/images aol.gif
2001.05.25 17:27 B G:\ikonboard2.18o\ikonboard218brus\ikonboard218rus\ikonboard\images\bar.gif --> ftp.vilde.f2s.com /www.vilde.f2s.com/ikonboard/images bar.gif
2001.05.25 17:27 B G:\ikonboard2.18o\ikonboard218brus\ikonboard218rus\ikonboard\images\closed.gif --> ftp.vilde.f2s.com /www.vilde.f2s.com/ikonboard/images closed.gif
2001.05.25 17:27 B G:\ikonboard2.18o\ikonboard218brus\ikonboard218rus\ikonboard\images\closedfold.gif --> ftp.vilde.f2s.com /www.vilde.f2s.com/ikonboard/images closedfold.gif
2001.05.25 17:27 B G:\ikonboard2.18o\ikonboard218brus\ikonboard218rus\ikonboard\images\deletepm.jpg --> ftp.vilde.f2s.com /www.vilde.f2s.com/ikonboard/images deletepm.jpg
2001.05.25 17:27 B G:\ikonboard2.18o\ikonboard218brus\ikonboard218rus\ikonboard\images\edit.gif --> ftp.vilde.f2s.com /www.vilde.f2s.com/ikonboard/images edit.gif
2001.05.25 17:27 B G:\ikonboard2.18o\ikonboard218brus\ikonboard218rus\ikonboard\images\email.gif --> ftp.vilde.f2s.com /www.vilde.f2s.com/ikonboard/images email.gif
2001.05.25 17:27 B G:\ikonboard2.18o\ikonboard218brus\ikonboard218rus\ikonboard\images\emailtofriend.gif --> ftp.vilde.f2s.com /www.vilde.f2s.com/ikonboard/images emailtofriend.gif
2001.05.25 17:27 B G:\ikonboard2.18o\ikonboard218brus\ikonboard218rus\ikonboard\images\folder.gif --> ftp.vilde.f2s.com /www.vilde.f2s.com/ikonboard/images folder.gif
2001.05.25 17:27 B G:\ikonboard2.18o\ikonboard218brus\ikonboard218rus\ikonboard\images\foldernew.gif --> ftp.vilde.f2s.com /www.vilde.f2s.com/ikonboard/images foldernew.gif
2001.05.25 17:27 B G:\ikonboard2.18o\ikonboard218brus\ikonboard218rus\ikonboard\images\forumfold.gif --> ftp.vilde.f2s.com /www.vilde.f2s.com/ikonboard/images forumfold.gif
2001.05.25 17:27 B G:\ikonboard2.18o\ikonboard218brus\ikonboard218rus\ikonboard\images\help_b.gif --> ftp.vilde.f2s.com /www.vilde.f2s.com/ikonboard/images help_b.gif
2001.05.25 17:27 B G:\ikonboard2.18o\ikonboard218brus\ikonboard218rus\ikonboard\images\home.gif --> ftp.vilde.f2s.com /www.vilde.f2s.com/ikonboard/images home.gif
2001.05.25 17:27 B G:\ikonboard2.18o\ikonboard218brus\ikonboard218rus\ikonboard\images\homepage.gif --> ftp.vilde.f2s.com /www.vilde.f2s.com/ikonboard/images homepage.gif
2001.05.25 17:27 B G:\ikonboard2.18o\ikonboard218brus\ikonboard218rus\ikonboard\images\icq.gif --> ftp.vilde.f2s.com /www.vilde.f2s.com/ikonboard/images icq.gif
2001.05.25 17:27 B G:\ikonboard2.18o\ikonboard218brus\ikonboard218rus\ikonboard\images\inboxpm.jpg --> ftp.vilde.f2s.com /www.vilde.f2s.com/ikonboard/images inboxpm.jpg
2001.05.25 17:27 B G:\ikonboard2.18o\ikonboard218brus\ikonboard218rus\ikonboard\images\ip.gif --> ftp.vilde.f2s.com /www.vilde.f2s.com/ikonboard/images ip.gif
2001.05.25 17:28 B G:\ikonboard2.18o\ikonboard218brus\ikonboard218rus\ikonboard\images\line.gif --> ftp.vilde.f2s.com /www.vilde.f2s.com/ikonboard/images line.gif
2001.05.25 17:28 B G:\ikonboard2.18o\ikonboard218brus\ikonboard218rus\ikonboard\images\line2.gif --> ftp.vilde.f2s.com /www.vilde.f2s.com/ikonboard/images line2.gif
2001.05.25 17:28 B G:\ikonboard2.18o\ikonboard218brus\ikonboard218rus\ikonboard\images\logo.gif --> ftp.vilde.f2s.com /www.vilde.f2s.com/ikonboard/images logo.gif
2001.05.25 17:28 B G:\ikonboard2.18o\ikonboard218brus\ikonboard218rus\ikonboard\images\message.gif --> ftp.vilde.f2s.com /www.vilde.f2s.com/ikonboard/images message.gif
2001.05.25 17:28 B G:\ikonboard2.18o\ikonboard218brus\ikonboard218rus\ikonboard\images\newmail.gif --> ftp.vilde.f2s.com /www.vilde.f2s.com/ikonboard/images newmail.gif
2001.05.25 17:28 B G:\ikonboard2.18o\ikonboard218brus\ikonboard218rus\ikonboard\images\newpm.jpg --> ftp.vilde.f2s.com /www.vilde.f2s.com/ikonboard/images newpm.jpg
2001.05.25 17:28 B G:\ikonboard2.18o\ikonboard218brus\ikonboard218rus\ikonboard\images\newpost.gif --> ftp.vilde.f2s.com /www.vilde.f2s.com/ikonboard/images newpost.gif
2001.05.25 17:28 B G:\ikonboard2.18o\ikonboard218brus\ikonboard218rus\ikonboard\images\newthread.gif --> ftp.vilde.f2s.com /www.vilde.f2s.com/ikonboard/images newthread.gif
2001.05.25 17:28 B G:\ikonboard2.18o\ikonboard218brus\ikonboard218rus\ikonboard\images\nonewpost.gif --> ftp.vilde.f2s.com /www.vilde.f2s.com/ikonboard/images nonewpost.gif
2001.05.25 17:28 B G:\ikonboard2.18o\ikonboard218brus\ikonboard218rus\ikonboard\images\online.gif --> ftp.vilde.f2s.com /www.vilde.f2s.com/ikonboard/images online.gif
2001.05.25 17:28 B G:\ikonboard2.18o\ikonboard218brus\ikonboard218rus\ikonboard\images\openfold.gif --> ftp.vilde.f2s.com /www.vilde.f2s.com/ikonboard/images openfold.gif
2001.05.25 17:28 B G:\ikonboard2.18o\ikonboard218brus\ikonboard218rus\ikonboard\images\outboxpm.jpg --> ftp.vilde.f2s.com /www.vilde.f2s.com/ikonboard/images outboxpm.jpg
2001.05.25 17:28 B G:\ikonboard2.18o\ikonboard218brus\ikonboard218rus\ikonboard\images\part.gif --> ftp.vilde.f2s.com /www.vilde.f2s.com/ikonboard/images part.gif
2001.05.25 17:28 B G:\ikonboard2.18o\ikonboard218brus\ikonboard218rus\ikonboard\images\pips1.gif --> ftp.vilde.f2s.com /www.vilde.f2s.com/ikonboard/images pips1.gif
2001.05.25 17:28 B G:\ikonboard2.18o\ikonboard218brus\ikonboard218rus\ikonboard\images\pips2.gif --> ftp.vilde.f2s.com /www.vilde.f2s.com/ikonboard/images pips2.gif
2001.05.25 17:28 B G:\ikonboard2.18o\ikonboard218brus\ikonboard218rus\ikonboard\images\pips3.gif --> ftp.vilde.f2s.com /www.vilde.f2s.com/ikonboard/images pips3.gif
2001.05.25 17:28 B G:\ikonboard2.18o\ikonboard218brus\ikonboard218rus\ikonboard\images\pips4.gif --> ftp.vilde.f2s.com /www.vilde.f2s.com/ikonboard/images pips4.gif
2001.05.25 17:28 B G:\ikonboard2.18o\ikonboard218brus\ikonboard218rus\ikonboard\images\pips5.gif --> ftp.vilde.f2s.com /www.vilde.f2s.com/ikonboard/images pips5.gif
2001.05.25 17:28 B G:\ikonboard2.18o\ikonboard218brus\ikonboard218rus\ikonboard\images\pips6.gif --> ftp.vilde.f2s.com /www.vilde.f2s.com/ikonboard/images pips6.gif
2001.05.25 17:28 B G:\ikonboard2.18o\ikonboard218brus\ikonboard218rus\ikonboard\images\printpage.gif --> ftp.vilde.f2s.com /www.vilde.f2s.com/ikonboard/images printpage.gif
2001.05.25 17:28 B G:\ikonboard2.18o\ikonboard218brus\ikonboard218rus\ikonboard\images\profile.gif --> ftp.vilde.f2s.com /www.vilde.f2s.com/ikonboard/images profile.gif
2001.05.25 17:28 B G:\ikonboard2.18o\ikonboard218brus\ikonboard218rus\ikonboard\images\reply.gif --> ftp.vilde.f2s.com /www.vilde.f2s.com/ikonboard/images reply.gif
2001.05.25 17:28 B G:\ikonboard2.18o\ikonboard218brus\ikonboard218rus\ikonboard\images\replypm.jpg --> ftp.vilde.f2s.com /www.vilde.f2s.com/ikonboard/images replypm.jpg
2001.05.25 17:28 B G:\ikonboard2.18o\ikonboard218brus\ikonboard218rus\ikonboard\images\replytothread.gif --> ftp.vilde.f2s.com /www.vilde.f2s.com/ikonboard/images replytothread.gif
2001.05.25 17:28 B G:\ikonboard2.18o\ikonboard218brus\ikonboard218rus\ikonboard\images\team.gif --> ftp.vilde.f2s.com /www.vilde.f2s.com/ikonboard/images team.gif
2001.05.25 17:28 B G:\ikonboard2.18o\ikonboard218brus\ikonboard218rus\ikonboard\images\topichot.gif --> ftp.vilde.f2s.com /www.vilde.f2s.com/ikonboard/images topichot.gif
2001.05.25 17:28 B G:\ikonboard2.18o\ikonboard218brus\ikonboard218rus\ikonboard\images\topichotnonew.gif --> ftp.vilde.f2s.com /www.vilde.f2s.com/ikonboard/images topichotnonew.gif
2001.05.25 17:29 B G:\ikonboard2.18o\ikonboard218brus\ikonboard218rus\ikonboard\images\topiclocked.gif --> ftp.vilde.f2s.com /www.vilde.f2s.com/ikonboard/images topiclocked.gif
2001.05.25 17:29 B G:\ikonboard2.18o\ikonboard218brus\ikonboard218rus\ikonboard\images\topicnew.gif --> ftp.vilde.f2s.com /www.vilde.f2s.com/ikonboard/images topicnew.gif
2001.05.25 17:29 B G:\ikonboard2.18o\ikonboard218brus\ikonboard218rus\ikonboard\images\topicnonew.gif --> ftp.vilde.f2s.com /www.vilde.f2s.com/ikonboard/images topicnonew.gif
2001.06.06 13:12 B A:\ikonboard\images\WS_FTP.LOG <-- vilde.f2s.com /www.vilde.f2s.com/ikonboard/images WS_FTP.LOG
